2024-07-03 17:10:57 139 INFO  TestBase:33 - 正在读取配置文件
2024-07-03 17:10:57 185 INFO  TestBase:33 - 正在读取配置文件
2024-07-03 17:13:29 807 INFO  TestBase:33 - 正在读取配置文件
2024-07-03 17:13:29 838 INFO  TestBase:33 - 正在读取配置文件
2024-07-03 17:23:33 286 INFO  TestBase:33 - 正在读取配置文件
2024-07-03 17:23:33 317 INFO  TestBase:33 - 正在读取配置文件
2024-07-03 17:23:33 317 INFO  GetApiTest:32 - 测试服务器地址为：https://reqres.in
2024-07-03 17:23:33 317 INFO  GetApiTest:35 - 当前测试接口的完整地址为：https://reqres.in/api/users?page=2
2024-07-03 17:23:33 317 INFO  GetApiTest:41 - 开始执行用例...
2024-07-03 17:23:33 512 INFO  RestClient:33 - 开始发送get请求...
2024-07-03 17:23:34 439 INFO  RestClient:35 - 发送请求成功，开始得到响应对象...
2024-07-03 17:23:34 439 INFO  GetApiTest:46 - 判断响应状态码
2024-07-03 17:23:34 439 INFO  RestClient:135 - 解析，得到响应状态码200
2024-07-03 17:23:34 439 INFO  RestClient:148 - 得到响应对象的string格式{"page":2,"per_page":6,"total":12,"total_pages":2,"data":[{"id":7,"email":"michael.lawson@reqres.in","first_name":"Michael","last_name":"Lawson","avatar":"https://reqres.in/img/faces/7-image.jpg"},{"id":8,"email":"lindsay.ferguson@reqres.in","first_name":"Lindsay","last_name":"Ferguson","avatar":"https://reqres.in/img/faces/8-image.jpg"},{"id":9,"email":"tobias.funke@reqres.in","first_name":"Tobias","last_name":"Funke","avatar":"https://reqres.in/img/faces/9-image.jpg"},{"id":10,"email":"byron.fields@reqres.in","first_name":"Byron","last_name":"Fields","avatar":"https://reqres.in/img/faces/10-image.jpg"},{"id":11,"email":"george.edwards@reqres.in","first_name":"George","last_name":"Edwards","avatar":"https://reqres.in/img/faces/11-image.jpg"},{"id":12,"email":"rachel.howell@reqres.in","first_name":"Rachel","last_name":"Howell","avatar":"https://reqres.in/img/faces/12-image.jpg"}],"support":{"url":"https://reqres.in/#support-heading","text":"To keep ReqRes free, contributions towards server costs are appreciated!"}}
2024-07-03 17:23:34 549 INFO  RestClient:150 - 返回响应内容的JSON格式{"per_page":6,"total":12,"data":[{"last_name":"Lawson","id":7,"avatar":"https://reqres.in/img/faces/7-image.jpg","first_name":"Michael","email":"michael.lawson@reqres.in"},{"last_name":"Ferguson","id":8,"avatar":"https://reqres.in/img/faces/8-image.jpg","first_name":"Lindsay","email":"lindsay.ferguson@reqres.in"},{"last_name":"Funke","id":9,"avatar":"https://reqres.in/img/faces/9-image.jpg","first_name":"Tobias","email":"tobias.funke@reqres.in"},{"last_name":"Fields","id":10,"avatar":"https://reqres.in/img/faces/10-image.jpg","first_name":"Byron","email":"byron.fields@reqres.in"},{"last_name":"Edwards","id":11,"avatar":"https://reqres.in/img/faces/11-image.jpg","first_name":"George","email":"george.edwards@reqres.in"},{"last_name":"Howell","id":12,"avatar":"https://reqres.in/img/faces/12-image.jpg","first_name":"Rachel","email":"rachel.howell@reqres.in"}],"page":2,"total_pages":2,"support":{"text":"To keep ReqRes free, contributions towards server costs are appreciated!","url":"https://reqres.in/#support-heading"}}
2024-07-03 17:23:34 549 INFO  GetApiTest:73 - 用例执行结束..
2024-07-03 17:32:26 123 INFO  TestBase:33 - 正在读取配置文件
2024-07-03 17:32:26 154 INFO  TestBase:33 - 正在读取配置文件
2024-07-03 17:32:26 154 INFO  GetApiTest:32 - 测试服务器地址为：https://reqres.in
2024-07-03 17:32:26 154 INFO  GetApiTest:35 - 当前测试接口的完整地址为：https://reqres.in/api/users?page=2
2024-07-03 17:32:26 170 INFO  GetApiTest:41 - 开始执行用例...
2024-07-03 17:32:26 342 INFO  RestClient:33 - 开始发送get请求...
2024-07-03 17:32:27 149 INFO  RestClient:35 - 发送请求成功，开始得到响应对象...
2024-07-03 17:32:27 149 INFO  GetApiTest:46 - 判断响应状态码
2024-07-03 17:32:27 149 INFO  RestClient:135 - 解析，得到响应状态码200
2024-07-03 17:32:27 149 INFO  RestClient:148 - 得到响应对象的string格式{"page":2,"per_page":6,"total":12,"total_pages":2,"data":[{"id":7,"email":"michael.lawson@reqres.in","first_name":"Michael","last_name":"Lawson","avatar":"https://reqres.in/img/faces/7-image.jpg"},{"id":8,"email":"lindsay.ferguson@reqres.in","first_name":"Lindsay","last_name":"Ferguson","avatar":"https://reqres.in/img/faces/8-image.jpg"},{"id":9,"email":"tobias.funke@reqres.in","first_name":"Tobias","last_name":"Funke","avatar":"https://reqres.in/img/faces/9-image.jpg"},{"id":10,"email":"byron.fields@reqres.in","first_name":"Byron","last_name":"Fields","avatar":"https://reqres.in/img/faces/10-image.jpg"},{"id":11,"email":"george.edwards@reqres.in","first_name":"George","last_name":"Edwards","avatar":"https://reqres.in/img/faces/11-image.jpg"},{"id":12,"email":"rachel.howell@reqres.in","first_name":"Rachel","last_name":"Howell","avatar":"https://reqres.in/img/faces/12-image.jpg"}],"support":{"url":"https://reqres.in/#support-heading","text":"To keep ReqRes free, contributions towards server costs are appreciated!"}}
2024-07-03 17:32:27 237 INFO  RestClient:150 - 返回响应内容的JSON格式{"per_page":6,"total":12,"data":[{"last_name":"Lawson","id":7,"avatar":"https://reqres.in/img/faces/7-image.jpg","first_name":"Michael","email":"michael.lawson@reqres.in"},{"last_name":"Ferguson","id":8,"avatar":"https://reqres.in/img/faces/8-image.jpg","first_name":"Lindsay","email":"lindsay.ferguson@reqres.in"},{"last_name":"Funke","id":9,"avatar":"https://reqres.in/img/faces/9-image.jpg","first_name":"Tobias","email":"tobias.funke@reqres.in"},{"last_name":"Fields","id":10,"avatar":"https://reqres.in/img/faces/10-image.jpg","first_name":"Byron","email":"byron.fields@reqres.in"},{"last_name":"Edwards","id":11,"avatar":"https://reqres.in/img/faces/11-image.jpg","first_name":"George","email":"george.edwards@reqres.in"},{"last_name":"Howell","id":12,"avatar":"https://reqres.in/img/faces/12-image.jpg","first_name":"Rachel","email":"rachel.howell@reqres.in"}],"page":2,"total_pages":2,"support":{"text":"To keep ReqRes free, contributions towards server costs are appreciated!","url":"https://reqres.in/#support-heading"}}
2024-07-03 17:32:27 237 INFO  GetApiTest:73 - 用例执行结束..
2024-07-04 16:00:02 196 INFO  TestBase:33 - 正在读取配置文件
2024-07-04 16:00:02 243 INFO  TestBase:33 - 正在读取配置文件
2024-07-04 16:00:02 243 INFO  GetApiTest:32 - 测试服务器地址为：https://reqres.in
2024-07-04 16:00:02 243 INFO  GetApiTest:35 - 当前测试接口的完整地址为：https://reqres.in/api/users?page=2
2024-07-04 16:00:02 259 INFO  GetApiTest:41 - 开始执行用例...
2024-07-04 16:00:02 905 INFO  RestClient:33 - 开始发送get请求...
2024-07-04 16:00:04 016 INFO  RestClient:35 - 发送请求成功，开始得到响应对象...
2024-07-04 16:00:04 016 INFO  GetApiTest:46 - 判断响应状态码
2024-07-04 16:00:04 016 INFO  RestClient:135 - 解析，得到响应状态码200
2024-07-04 16:00:04 016 INFO  RestClient:148 - 得到响应对象的string格式{"page":2,"per_page":6,"total":12,"total_pages":2,"data":[{"id":7,"email":"michael.lawson@reqres.in","first_name":"Michael","last_name":"Lawson","avatar":"https://reqres.in/img/faces/7-image.jpg"},{"id":8,"email":"lindsay.ferguson@reqres.in","first_name":"Lindsay","last_name":"Ferguson","avatar":"https://reqres.in/img/faces/8-image.jpg"},{"id":9,"email":"tobias.funke@reqres.in","first_name":"Tobias","last_name":"Funke","avatar":"https://reqres.in/img/faces/9-image.jpg"},{"id":10,"email":"byron.fields@reqres.in","first_name":"Byron","last_name":"Fields","avatar":"https://reqres.in/img/faces/10-image.jpg"},{"id":11,"email":"george.edwards@reqres.in","first_name":"George","last_name":"Edwards","avatar":"https://reqres.in/img/faces/11-image.jpg"},{"id":12,"email":"rachel.howell@reqres.in","first_name":"Rachel","last_name":"Howell","avatar":"https://reqres.in/img/faces/12-image.jpg"}],"support":{"url":"https://reqres.in/#support-heading","text":"To keep ReqRes free, contributions towards server costs are appreciated!"}}
2024-07-04 16:00:04 132 INFO  RestClient:150 - 返回响应内容的JSON格式{"per_page":6,"total":12,"data":[{"last_name":"Lawson","id":7,"avatar":"https://reqres.in/img/faces/7-image.jpg","first_name":"Michael","email":"michael.lawson@reqres.in"},{"last_name":"Ferguson","id":8,"avatar":"https://reqres.in/img/faces/8-image.jpg","first_name":"Lindsay","email":"lindsay.ferguson@reqres.in"},{"last_name":"Funke","id":9,"avatar":"https://reqres.in/img/faces/9-image.jpg","first_name":"Tobias","email":"tobias.funke@reqres.in"},{"last_name":"Fields","id":10,"avatar":"https://reqres.in/img/faces/10-image.jpg","first_name":"Byron","email":"byron.fields@reqres.in"},{"last_name":"Edwards","id":11,"avatar":"https://reqres.in/img/faces/11-image.jpg","first_name":"George","email":"george.edwards@reqres.in"},{"last_name":"Howell","id":12,"avatar":"https://reqres.in/img/faces/12-image.jpg","first_name":"Rachel","email":"rachel.howell@reqres.in"}],"page":2,"total_pages":2,"support":{"text":"To keep ReqRes free, contributions towards server costs are appreciated!","url":"https://reqres.in/#support-heading"}}
2024-07-04 16:00:04 132 INFO  GetApiTest:73 - 用例执行结束..
2024-07-11 10:04:51 063 INFO  TestBase:33 - 正在读取配置文件
2024-07-11 10:04:51 110 INFO  TestBase:33 - 正在读取配置文件
2024-07-11 10:04:51 110 INFO  GetApiTest:32 - 测试服务器地址为：https://reqres.in
2024-07-11 10:04:51 110 INFO  GetApiTest:35 - 当前测试接口的完整地址为：https://reqres.in/api/users?page=2
2024-07-11 10:04:51 126 INFO  GetApiTest:41 - 开始执行用例...
2024-07-11 10:04:51 844 INFO  RestClient:33 - 开始发送get请求...
2024-07-11 10:04:53 014 INFO  RestClient:35 - 发送请求成功，开始得到响应对象...
2024-07-11 10:04:53 014 INFO  GetApiTest:46 - 判断响应状态码
2024-07-11 10:04:53 014 INFO  RestClient:135 - 解析，得到响应状态码200
2024-07-11 10:04:53 014 INFO  RestClient:148 - 得到响应对象的string格式{"page":2,"per_page":6,"total":12,"total_pages":2,"data":[{"id":7,"email":"michael.lawson@reqres.in","first_name":"Michael","last_name":"Lawson","avatar":"https://reqres.in/img/faces/7-image.jpg"},{"id":8,"email":"lindsay.ferguson@reqres.in","first_name":"Lindsay","last_name":"Ferguson","avatar":"https://reqres.in/img/faces/8-image.jpg"},{"id":9,"email":"tobias.funke@reqres.in","first_name":"Tobias","last_name":"Funke","avatar":"https://reqres.in/img/faces/9-image.jpg"},{"id":10,"email":"byron.fields@reqres.in","first_name":"Byron","last_name":"Fields","avatar":"https://reqres.in/img/faces/10-image.jpg"},{"id":11,"email":"george.edwards@reqres.in","first_name":"George","last_name":"Edwards","avatar":"https://reqres.in/img/faces/11-image.jpg"},{"id":12,"email":"rachel.howell@reqres.in","first_name":"Rachel","last_name":"Howell","avatar":"https://reqres.in/img/faces/12-image.jpg"}],"support":{"url":"https://reqres.in/#support-heading","text":"To keep ReqRes free, contributions towards server costs are appreciated!"}}
2024-07-11 10:04:53 113 INFO  RestClient:150 - 返回响应内容的JSON格式{"per_page":6,"total":12,"data":[{"last_name":"Lawson","id":7,"avatar":"https://reqres.in/img/faces/7-image.jpg","first_name":"Michael","email":"michael.lawson@reqres.in"},{"last_name":"Ferguson","id":8,"avatar":"https://reqres.in/img/faces/8-image.jpg","first_name":"Lindsay","email":"lindsay.ferguson@reqres.in"},{"last_name":"Funke","id":9,"avatar":"https://reqres.in/img/faces/9-image.jpg","first_name":"Tobias","email":"tobias.funke@reqres.in"},{"last_name":"Fields","id":10,"avatar":"https://reqres.in/img/faces/10-image.jpg","first_name":"Byron","email":"byron.fields@reqres.in"},{"last_name":"Edwards","id":11,"avatar":"https://reqres.in/img/faces/11-image.jpg","first_name":"George","email":"george.edwards@reqres.in"},{"last_name":"Howell","id":12,"avatar":"https://reqres.in/img/faces/12-image.jpg","first_name":"Rachel","email":"rachel.howell@reqres.in"}],"page":2,"total_pages":2,"support":{"text":"To keep ReqRes free, contributions towards server costs are appreciated!","url":"https://reqres.in/#support-heading"}}
2024-07-11 10:04:53 113 INFO  GetApiTest:73 - 用例执行结束..
2024-07-11 10:11:25 577 INFO  TestBase:33 - 正在读取配置文件
2024-07-11 10:11:25 624 INFO  TestBase:33 - 正在读取配置文件
2024-07-11 10:11:25 624 INFO  GetApiTest:32 - 测试服务器地址为：https://reqres.in
2024-07-11 10:11:25 624 INFO  GetApiTest:35 - 当前测试接口的完整地址为：https://reqres.in/api/users?page=2
2024-07-11 10:11:25 624 INFO  GetApiTest:41 - 开始执行用例...
2024-07-11 10:11:26 262 INFO  RestClient:33 - 开始发送get请求...
2024-07-11 10:11:27 278 INFO  RestClient:35 - 发送请求成功，开始得到响应对象...
2024-07-11 10:11:27 278 INFO  GetApiTest:46 - 判断响应状态码
2024-07-11 10:11:27 278 INFO  RestClient:135 - 解析，得到响应状态码200
2024-07-11 10:11:27 294 INFO  RestClient:148 - 得到响应对象的string格式{"page":2,"per_page":6,"total":12,"total_pages":2,"data":[{"id":7,"email":"michael.lawson@reqres.in","first_name":"Michael","last_name":"Lawson","avatar":"https://reqres.in/img/faces/7-image.jpg"},{"id":8,"email":"lindsay.ferguson@reqres.in","first_name":"Lindsay","last_name":"Ferguson","avatar":"https://reqres.in/img/faces/8-image.jpg"},{"id":9,"email":"tobias.funke@reqres.in","first_name":"Tobias","last_name":"Funke","avatar":"https://reqres.in/img/faces/9-image.jpg"},{"id":10,"email":"byron.fields@reqres.in","first_name":"Byron","last_name":"Fields","avatar":"https://reqres.in/img/faces/10-image.jpg"},{"id":11,"email":"george.edwards@reqres.in","first_name":"George","last_name":"Edwards","avatar":"https://reqres.in/img/faces/11-image.jpg"},{"id":12,"email":"rachel.howell@reqres.in","first_name":"Rachel","last_name":"Howell","avatar":"https://reqres.in/img/faces/12-image.jpg"}],"support":{"url":"https://reqres.in/#support-heading","text":"To keep ReqRes free, contributions towards server costs are appreciated!"}}
2024-07-11 10:11:27 366 INFO  RestClient:150 - 返回响应内容的JSON格式{"per_page":6,"total":12,"data":[{"last_name":"Lawson","id":7,"avatar":"https://reqres.in/img/faces/7-image.jpg","first_name":"Michael","email":"michael.lawson@reqres.in"},{"last_name":"Ferguson","id":8,"avatar":"https://reqres.in/img/faces/8-image.jpg","first_name":"Lindsay","email":"lindsay.ferguson@reqres.in"},{"last_name":"Funke","id":9,"avatar":"https://reqres.in/img/faces/9-image.jpg","first_name":"Tobias","email":"tobias.funke@reqres.in"},{"last_name":"Fields","id":10,"avatar":"https://reqres.in/img/faces/10-image.jpg","first_name":"Byron","email":"byron.fields@reqres.in"},{"last_name":"Edwards","id":11,"avatar":"https://reqres.in/img/faces/11-image.jpg","first_name":"George","email":"george.edwards@reqres.in"},{"last_name":"Howell","id":12,"avatar":"https://reqres.in/img/faces/12-image.jpg","first_name":"Rachel","email":"rachel.howell@reqres.in"}],"page":2,"total_pages":2,"support":{"text":"To keep ReqRes free, contributions towards server costs are appreciated!","url":"https://reqres.in/#support-heading"}}
2024-07-11 10:11:27 366 INFO  GetApiTest:73 - 用例执行结束..
2024-07-12 18:35:54 916 INFO  RestClient:83 - 开始发送post请求...
2024-07-12 18:35:56 654 INFO  RestClient:85 - 发送请求成功，开始得到响应对象...
2024-07-12 18:43:06 908 INFO  RestClient:83 - 开始发送post请求...
2024-07-12 18:43:08 339 INFO  RestClient:85 - 发送请求成功，开始得到响应对象...
2024-07-12 18:43:08 339 INFO  RestClient:135 - 解析，得到响应状态码400
2024-07-12 18:44:10 794 INFO  RestClient:83 - 开始发送post请求...
2024-07-12 18:44:13 050 INFO  RestClient:85 - 发送请求成功，开始得到响应对象...
2024-07-12 19:17:53 415 INFO  RestClient:83 - 开始发送post请求...
2024-07-12 19:17:54 785 INFO  RestClient:85 - 发送请求成功，开始得到响应对象...
2024-07-12 19:17:54 786 INFO  RestClient:135 - 解析，得到响应状态码400
2024-07-12 19:19:51 651 INFO  RestClient:83 - 开始发送post请求...
2024-07-12 19:19:53 430 INFO  RestClient:85 - 发送请求成功，开始得到响应对象...
2024-07-12 19:19:53 430 INFO  RestClient:135 - 解析，得到响应状态码400
2024-07-12 19:20:50 732 INFO  RestClient:83 - 开始发送post请求...
2024-07-12 19:20:52 120 INFO  RestClient:85 - 发送请求成功，开始得到响应对象...
2024-07-12 19:20:52 121 INFO  RestClient:135 - 解析，得到响应状态码201
2024-07-12 19:20:52 124 INFO  RestClient:148 - 得到响应对象的string格式{"job":"programer","name":"lyy","id":"204","createdAt":"2024-07-12T11:20:56.988Z"}
2024-07-12 19:20:52 129 INFO  RestClient:150 - 返回响应内容的JSON格式{"createdAt":"2024-07-12T11:20:56.988Z","name":"lyy","id":"204","job":"programer"}
2024-07-12 20:00:25 829 INFO  RestClient:83 - 开始发送post请求...
2024-07-12 20:00:27 655 INFO  RestClient:85 - 发送请求成功，开始得到响应对象...
2024-07-12 20:00:27 656 INFO  RestClient:135 - 解析，得到响应状态码201
2024-07-12 20:00:27 659 INFO  RestClient:148 - 得到响应对象的string格式{"job":"programer","name":"lyy","id":"237","createdAt":"2024-07-12T12:00:31.966Z"}
2024-07-12 20:00:27 664 INFO  RestClient:150 - 返回响应内容的JSON格式{"createdAt":"2024-07-12T12:00:31.966Z","name":"lyy","id":"237","job":"programer"}
2024-07-12 20:21:52 206 INFO  RestClient:83 - 开始发送post请求...
2024-07-12 20:21:53 564 INFO  RestClient:85 - 发送请求成功，开始得到响应对象...
2024-07-12 20:21:53 564 INFO  RestClient:135 - 解析，得到响应状态码201
2024-07-12 20:21:53 567 INFO  RestClient:148 - 得到响应对象的string格式{"job":"programer","name":"lyy","id":"67","createdAt":"2024-07-12T12:21:58.455Z"}
2024-07-12 20:21:53 572 INFO  RestClient:150 - 返回响应内容的JSON格式{"createdAt":"2024-07-12T12:21:58.455Z","name":"lyy","id":"67","job":"programer"}
2024-07-12 20:23:46 310 INFO  RestClient:83 - 开始发送post请求...
2024-07-12 20:23:48 593 INFO  RestClient:85 - 发送请求成功，开始得到响应对象...
2024-07-12 20:23:48 594 INFO  RestClient:135 - 解析，得到响应状态码201
2024-07-12 20:23:48 597 INFO  RestClient:148 - 得到响应对象的string格式{"job":"programer","name":"lyy","id":"792","createdAt":"2024-07-12T12:23:53.484Z"}
2024-07-12 20:23:48 602 INFO  RestClient:150 - 返回响应内容的JSON格式{"createdAt":"2024-07-12T12:23:53.484Z","name":"lyy","id":"792","job":"programer"}
2024-07-12 20:28:08 631 INFO  RestClient:83 - 开始发送post请求...
2024-07-12 20:28:09 904 INFO  RestClient:85 - 发送请求成功，开始得到响应对象...
2024-07-12 20:28:09 905 INFO  RestClient:135 - 解析，得到响应状态码201
2024-07-12 20:28:09 908 INFO  RestClient:148 - 得到响应对象的string格式{"job":"programer","name":"lyy","id":"816","createdAt":"2024-07-12T12:28:14.777Z"}
2024-07-12 20:28:09 913 INFO  RestClient:150 - 返回响应内容的JSON格式{"createdAt":"2024-07-12T12:28:14.777Z","name":"lyy","id":"816","job":"programer"}
2024-07-12 20:30:45 187 INFO  RestClient:83 - 开始发送post请求...
2024-07-12 20:30:47 088 INFO  RestClient:85 - 发送请求成功，开始得到响应对象...
2024-07-12 20:30:47 088 INFO  RestClient:135 - 解析，得到响应状态码201
2024-07-12 20:30:47 091 INFO  RestClient:148 - 得到响应对象的string格式{"job":"programer","name":"lyy","id":"248","createdAt":"2024-07-12T12:30:51.952Z"}
2024-07-12 20:30:47 096 INFO  RestClient:150 - 返回响应内容的JSON格式{"createdAt":"2024-07-12T12:30:51.952Z","name":"lyy","id":"248","job":"programer"}
2024-07-12 20:36:26 081 INFO  RestClient:83 - 开始发送post请求...
2024-07-12 20:36:28 151 INFO  RestClient:85 - 发送请求成功，开始得到响应对象...
2024-07-12 20:36:28 152 INFO  RestClient:135 - 解析，得到响应状态码201
2024-07-12 20:36:28 154 INFO  RestClient:148 - 得到响应对象的string格式{"job":"programer","name":"lyy","id":"566","createdAt":"2024-07-12T12:36:33.023Z"}
2024-07-12 20:36:28 171 INFO  RestClient:150 - 返回响应内容的JSON格式{"createdAt":"2024-07-12T12:36:33.023Z","name":"lyy","id":"566","job":"programer"}
2024-07-15 10:21:49 856 INFO  RestClient:83 - 开始发送post请求...
2024-07-15 10:21:51 199 INFO  RestClient:85 - 发送请求成功，开始得到响应对象...
2024-07-15 10:21:51 200 INFO  RestClient:135 - 解析，得到响应状态码201
2024-07-15 10:21:51 203 INFO  RestClient:148 - 得到响应对象的string格式{"job":"programer","name":"lyy","id":"207","createdAt":"2024-07-15T02:21:57.626Z"}
2024-07-15 10:21:51 208 INFO  RestClient:150 - 返回响应内容的JSON格式{"createdAt":"2024-07-15T02:21:57.626Z","name":"lyy","id":"207","job":"programer"}
2024-07-15 10:23:32 721 INFO  RestClient:83 - 开始发送post请求...
2024-07-15 10:23:34 084 INFO  RestClient:85 - 发送请求成功，开始得到响应对象...
2024-07-15 10:23:34 085 INFO  RestClient:135 - 解析，得到响应状态码201
2024-07-15 10:23:34 089 INFO  RestClient:148 - 得到响应对象的string格式{"job":"programer","name":"lyy","id":"428","createdAt":"2024-07-15T02:23:40.503Z"}
2024-07-15 10:23:34 108 INFO  RestClient:150 - 返回响应内容的JSON格式{"createdAt":"2024-07-15T02:23:40.503Z","name":"lyy","id":"428","job":"programer"}
2024-07-15 10:26:34 771 INFO  RestClient:83 - 开始发送post请求...
2024-07-15 10:26:35 978 INFO  RestClient:85 - 发送请求成功，开始得到响应对象...
2024-07-15 10:26:35 978 INFO  RestClient:135 - 解析，得到响应状态码201
2024-07-15 10:26:35 981 INFO  RestClient:148 - 得到响应对象的string格式{"job":"programer","name":"lyy","id":"213","createdAt":"2024-07-15T02:26:42.400Z"}
2024-07-15 10:26:35 986 INFO  RestClient:150 - 返回响应内容的JSON格式{"createdAt":"2024-07-15T02:26:42.400Z","name":"lyy","id":"213","job":"programer"}
2024-07-15 10:29:13 513 INFO  RestClient:83 - 开始发送post请求...
2024-07-15 10:29:14 887 INFO  RestClient:85 - 发送请求成功，开始得到响应对象...
2024-07-15 10:29:14 887 INFO  RestClient:135 - 解析，得到响应状态码201
2024-07-15 10:29:14 890 INFO  RestClient:148 - 得到响应对象的string格式{"job":"programer","name":"lyy","id":"366","createdAt":"2024-07-15T02:29:21.301Z"}
2024-07-15 10:29:14 895 INFO  RestClient:150 - 返回响应内容的JSON格式{"createdAt":"2024-07-15T02:29:21.301Z","name":"lyy","id":"366","job":"programer"}
2024-07-15 10:33:49 152 INFO  RestClient:83 - 开始发送post请求...
2024-07-15 10:33:50 489 INFO  RestClient:85 - 发送请求成功，开始得到响应对象...
2024-07-15 10:33:50 489 INFO  RestClient:135 - 解析，得到响应状态码201
2024-07-15 10:33:50 492 INFO  RestClient:148 - 得到响应对象的string格式{"job":"programer","name":"lyy","id":"8","createdAt":"2024-07-15T02:33:56.915Z"}
2024-07-15 10:33:50 498 INFO  RestClient:150 - 返回响应内容的JSON格式{"createdAt":"2024-07-15T02:33:56.915Z","name":"lyy","id":"8","job":"programer"}
2024-07-15 10:36:48 871 INFO  RestClient:83 - 开始发送post请求...
2024-07-15 10:36:50 093 INFO  RestClient:85 - 发送请求成功，开始得到响应对象...
2024-07-15 10:36:50 093 INFO  RestClient:135 - 解析，得到响应状态码201
2024-07-15 10:36:50 110 INFO  RestClient:148 - 得到响应对象的string格式{"job":"programer","name":"lyy","id":"564","createdAt":"2024-07-15T02:36:56.515Z"}
2024-07-15 10:36:50 115 INFO  RestClient:150 - 返回响应内容的JSON格式{"createdAt":"2024-07-15T02:36:56.515Z","name":"lyy","id":"564","job":"programer"}
2024-07-15 10:39:27 717 INFO  RestClient:83 - 开始发送post请求...
2024-07-15 10:39:29 049 INFO  RestClient:85 - 发送请求成功，开始得到响应对象...
2024-07-15 10:39:29 049 INFO  RestClient:135 - 解析，得到响应状态码201
2024-07-15 10:39:29 052 INFO  RestClient:148 - 得到响应对象的string格式{"job":"programer","name":"lyy","id":"380","createdAt":"2024-07-15T02:39:35.467Z"}
2024-07-15 10:39:29 057 INFO  RestClient:150 - 返回响应内容的JSON格式{"createdAt":"2024-07-15T02:39:35.467Z","name":"lyy","id":"380","job":"programer"}
2024-07-15 10:39:29 078 INFO  RestClient:105 - 开始发送put请求...
2024-07-15 10:39:30 149 INFO  RestClient:107 - 发送请求成功，开始得到响应对象...
2024-07-15 10:39:30 149 INFO  RestClient:135 - 解析，得到响应状态码200
2024-07-15 10:40:40 657 INFO  RestClient:83 - 开始发送post请求...
2024-07-15 10:40:41 871 INFO  RestClient:85 - 发送请求成功，开始得到响应对象...
2024-07-15 10:40:41 872 INFO  RestClient:135 - 解析，得到响应状态码201
2024-07-15 10:40:41 877 INFO  RestClient:148 - 得到响应对象的string格式{"job":"programer","name":"lyy","id":"850","createdAt":"2024-07-15T02:40:48.288Z"}
2024-07-15 10:40:41 881 INFO  RestClient:150 - 返回响应内容的JSON格式{"createdAt":"2024-07-15T02:40:48.288Z","name":"lyy","id":"850","job":"programer"}
2024-07-15 10:41:33 784 INFO  RestClient:83 - 开始发送post请求...
2024-07-15 10:41:35 154 INFO  RestClient:85 - 发送请求成功，开始得到响应对象...
2024-07-15 10:41:35 155 INFO  RestClient:135 - 解析，得到响应状态码201
2024-07-15 10:41:35 158 INFO  RestClient:148 - 得到响应对象的string格式{"job":"programer","name":"lyy","id":"157","createdAt":"2024-07-15T02:41:41.564Z"}
2024-07-15 10:41:35 174 INFO  RestClient:150 - 返回响应内容的JSON格式{"createdAt":"2024-07-15T02:41:41.564Z","name":"lyy","id":"157","job":"programer"}
2024-07-15 10:41:35 181 INFO  RestClient:105 - 开始发送put请求...
2024-07-15 10:41:36 379 INFO  RestClient:107 - 发送请求成功，开始得到响应对象...
2024-07-15 10:41:36 379 INFO  RestClient:135 - 解析，得到响应状态码200
2024-07-15 10:43:43 931 INFO  RestClient:83 - 开始发送post请求...
2024-07-15 10:43:45 303 INFO  RestClient:85 - 发送请求成功，开始得到响应对象...
2024-07-15 10:43:45 303 INFO  RestClient:135 - 解析，得到响应状态码201
2024-07-15 10:43:45 306 INFO  RestClient:148 - 得到响应对象的string格式{"job":"programer","name":"lyy","id":"562","createdAt":"2024-07-15T02:43:51.724Z"}
2024-07-15 10:43:45 313 INFO  RestClient:150 - 返回响应内容的JSON格式{"createdAt":"2024-07-15T02:43:51.724Z","name":"lyy","id":"562","job":"programer"}
2024-07-15 10:43:45 319 INFO  RestClient:105 - 开始发送put请求...
2024-07-15 10:43:46 423 INFO  RestClient:107 - 发送请求成功，开始得到响应对象...
2024-07-15 10:43:46 424 INFO  RestClient:135 - 解析，得到响应状态码200
2024-07-15 10:43:46 425 INFO  RestClient:148 - 得到响应对象的string格式{"job":"tester","name":"jh","updatedAt":"2024-07-15T02:43:52.845Z"}
2024-07-15 10:43:46 426 INFO  RestClient:150 - 返回响应内容的JSON格式{"name":"jh","job":"tester","updatedAt":"2024-07-15T02:43:52.845Z"}
2024-07-15 11:29:25 255 INFO  RestClient:83 - 开始发送post请求...
2024-07-15 11:29:26 535 INFO  RestClient:85 - 发送请求成功，开始得到响应对象...
2024-07-15 11:29:26 536 INFO  RestClient:135 - 解析，得到响应状态码201
2024-07-15 11:29:26 538 INFO  RestClient:148 - 得到响应对象的string格式{"job":"programer","name":"lyy","id":"830","createdAt":"2024-07-15T03:29:32.952Z"}
2024-07-15 11:29:26 543 INFO  RestClient:150 - 返回响应内容的JSON格式{"createdAt":"2024-07-15T03:29:32.952Z","name":"lyy","id":"830","job":"programer"}
2024-07-15 11:31:31 997 INFO  RestClient:83 - 开始发送post请求...
2024-07-15 11:31:33 224 INFO  RestClient:85 - 发送请求成功，开始得到响应对象...
2024-07-15 11:31:33 225 INFO  RestClient:135 - 解析，得到响应状态码201
2024-07-15 11:31:33 225 INFO  RestClient:148 - 得到响应对象的string格式{"job":"programer","name":"lyy","id":"942","createdAt":"2024-07-15T03:31:39.638Z"}
2024-07-15 11:31:33 226 INFO  RestClient:150 - 返回响应内容的JSON格式{"createdAt":"2024-07-15T03:31:39.638Z","name":"lyy","id":"942","job":"programer"}
2024-07-15 11:33:19 940 INFO  RestClient:83 - 开始发送post请求...
2024-07-15 11:33:21 333 INFO  RestClient:85 - 发送请求成功，开始得到响应对象...
2024-07-15 11:33:21 333 INFO  RestClient:135 - 解析，得到响应状态码201
2024-07-15 11:33:21 335 INFO  RestClient:148 - 得到响应对象的string格式{"job":"programer","name":"lyy","id":"347","createdAt":"2024-07-15T03:33:27.745Z"}
2024-07-15 11:33:21 340 INFO  RestClient:150 - 返回响应内容的JSON格式{"createdAt":"2024-07-15T03:33:27.745Z","name":"lyy","id":"347","job":"programer"}
2024-07-15 11:34:58 771 INFO  RestClient:83 - 开始发送post请求...
2024-07-15 11:35:00 032 INFO  RestClient:85 - 发送请求成功，开始得到响应对象...
2024-07-15 11:35:00 033 INFO  RestClient:135 - 解析，得到响应状态码201
2024-07-15 11:35:00 035 INFO  RestClient:148 - 得到响应对象的string格式{"job":"programer","name":"lyy","id":"874","createdAt":"2024-07-15T03:35:06.451Z"}
2024-07-15 11:35:00 040 INFO  RestClient:150 - 返回响应内容的JSON格式{"createdAt":"2024-07-15T03:35:06.451Z","name":"lyy","id":"874","job":"programer"}
2024-07-15 11:37:10 555 INFO  RestClient:83 - 开始发送post请求...
2024-07-15 11:37:11 824 INFO  RestClient:85 - 发送请求成功，开始得到响应对象...
2024-07-15 11:37:11 825 INFO  RestClient:135 - 解析，得到响应状态码201
2024-07-15 11:37:11 830 INFO  RestClient:148 - 得到响应对象的string格式{"job":"programer","name":"lyy","id":"72","createdAt":"2024-07-15T03:37:18.236Z"}
2024-07-15 11:37:11 837 INFO  RestClient:150 - 返回响应内容的JSON格式{"createdAt":"2024-07-15T03:37:18.236Z","name":"lyy","id":"72","job":"programer"}
2024-07-15 11:38:45 779 INFO  RestClient:83 - 开始发送post请求...
2024-07-15 11:38:47 010 INFO  RestClient:85 - 发送请求成功，开始得到响应对象...
2024-07-15 11:38:47 010 INFO  RestClient:135 - 解析，得到响应状态码201
2024-07-15 11:38:47 010 INFO  RestClient:148 - 得到响应对象的string格式{"job":"programer","name":"lyy","id":"397","createdAt":"2024-07-15T03:38:53.437Z"}
2024-07-15 11:38:47 026 INFO  RestClient:150 - 返回响应内容的JSON格式{"createdAt":"2024-07-15T03:38:53.437Z","name":"lyy","id":"397","job":"programer"}
2024-07-15 11:40:16 776 INFO  RestClient:83 - 开始发送post请求...
2024-07-15 11:40:18 142 INFO  RestClient:85 - 发送请求成功，开始得到响应对象...
2024-07-15 11:40:18 143 INFO  RestClient:135 - 解析，得到响应状态码201
2024-07-15 11:40:18 145 INFO  RestClient:148 - 得到响应对象的string格式{"job":"programer","name":"lyy","id":"902","createdAt":"2024-07-15T03:40:24.552Z"}
2024-07-15 11:40:18 161 INFO  RestClient:150 - 返回响应内容的JSON格式{"createdAt":"2024-07-15T03:40:24.552Z","name":"lyy","id":"902","job":"programer"}
2024-07-15 11:40:18 171 INFO  RestClient:105 - 开始发送put请求...
2024-07-15 11:40:19 402 INFO  RestClient:107 - 发送请求成功，开始得到响应对象...
2024-07-15 11:40:19 402 INFO  RestClient:135 - 解析，得到响应状态码200
2024-07-15 11:40:19 406 INFO  RestClient:148 - 得到响应对象的string格式{"job":"tester","name":"jh","updatedAt":"2024-07-15T03:40:25.829Z"}
2024-07-15 11:40:19 407 INFO  RestClient:150 - 返回响应内容的JSON格式{"name":"jh","job":"tester","updatedAt":"2024-07-15T03:40:25.829Z"}
2024-07-15 11:46:38 630 INFO  RestClient:83 - 开始发送post请求...
2024-07-15 11:46:39 898 INFO  RestClient:85 - 发送请求成功，开始得到响应对象...
2024-07-15 11:46:39 898 INFO  RestClient:135 - 解析，得到响应状态码201
2024-07-15 11:46:39 901 INFO  RestClient:148 - 得到响应对象的string格式{"job":"programer","name":"lyy","id":"889","createdAt":"2024-07-15T03:46:46.306Z"}
2024-07-15 11:46:39 918 INFO  RestClient:150 - 返回响应内容的JSON格式{"createdAt":"2024-07-15T03:46:46.306Z","name":"lyy","id":"889","job":"programer"}
2024-07-15 11:46:39 928 INFO  RestClient:105 - 开始发送put请求...
2024-07-15 11:46:41 143 INFO  RestClient:107 - 发送请求成功，开始得到响应对象...
2024-07-15 11:46:41 144 INFO  RestClient:135 - 解析，得到响应状态码200
2024-07-15 11:46:41 147 INFO  RestClient:148 - 得到响应对象的string格式{"job":"tester","name":"jh","updatedAt":"2024-07-15T03:46:47.554Z"}
2024-07-15 11:46:41 148 INFO  RestClient:150 - 返回响应内容的JSON格式{"name":"jh","job":"tester","updatedAt":"2024-07-15T03:46:47.554Z"}
2024-07-15 11:47:14 705 INFO  RestClient:83 - 开始发送post请求...
2024-07-15 11:47:15 925 INFO  RestClient:85 - 发送请求成功，开始得到响应对象...
2024-07-15 11:47:15 926 INFO  RestClient:135 - 解析，得到响应状态码201
2024-07-15 11:47:15 928 INFO  RestClient:148 - 得到响应对象的string格式{"job":"programer","name":"lyy","id":"395","createdAt":"2024-07-15T03:47:22.330Z"}
2024-07-15 11:47:15 946 INFO  RestClient:150 - 返回响应内容的JSON格式{"createdAt":"2024-07-15T03:47:22.330Z","name":"lyy","id":"395","job":"programer"}
2024-07-15 11:47:15 956 INFO  RestClient:105 - 开始发送put请求...
2024-07-15 11:47:17 174 INFO  RestClient:107 - 发送请求成功，开始得到响应对象...
2024-07-15 11:47:17 175 INFO  RestClient:135 - 解析，得到响应状态码200
2024-07-15 11:47:17 176 INFO  RestClient:148 - 得到响应对象的string格式{"job":"tester","name":"jh","updatedAt":"2024-07-15T03:47:23.601Z"}
2024-07-15 11:47:17 177 INFO  RestClient:150 - 返回响应内容的JSON格式{"name":"jh","job":"tester","updatedAt":"2024-07-15T03:47:23.601Z"}
2024-07-15 11:51:57 886 INFO  RestClient:83 - 开始发送post请求...
2024-07-15 11:51:59 248 INFO  RestClient:85 - 发送请求成功，开始得到响应对象...
2024-07-15 11:51:59 248 INFO  RestClient:135 - 解析，得到响应状态码201
2024-07-15 11:51:59 251 INFO  RestClient:148 - 得到响应对象的string格式{"job":"programer","name":"lyy","id":"961","createdAt":"2024-07-15T03:52:05.648Z"}
2024-07-15 11:51:59 258 INFO  RestClient:150 - 返回响应内容的JSON格式{"createdAt":"2024-07-15T03:52:05.648Z","name":"lyy","id":"961","job":"programer"}
2024-07-15 11:51:59 279 INFO  RestClient:105 - 开始发送put请求...
2024-07-15 11:52:00 381 INFO  RestClient:107 - 发送请求成功，开始得到响应对象...
2024-07-15 11:52:00 381 INFO  RestClient:135 - 解析，得到响应状态码200
2024-07-15 11:52:00 383 INFO  RestClient:148 - 得到响应对象的string格式{"job":"tester","name":"jh","updatedAt":"2024-07-15T03:52:06.808Z"}
2024-07-15 11:52:00 384 INFO  RestClient:150 - 返回响应内容的JSON格式{"name":"jh","job":"tester","updatedAt":"2024-07-15T03:52:06.808Z"}
2024-07-15 12:04:05 347 INFO  RestClient:83 - 开始发送post请求...
2024-07-15 12:04:06 739 INFO  RestClient:85 - 发送请求成功，开始得到响应对象...
2024-07-15 12:04:06 739 INFO  RestClient:135 - 解析，得到响应状态码201
2024-07-15 12:04:06 741 INFO  RestClient:148 - 得到响应对象的string格式{"job":"programer","name":"lyy","id":"232","createdAt":"2024-07-15T04:04:13.129Z"}
2024-07-15 12:04:06 746 INFO  RestClient:150 - 返回响应内容的JSON格式{"createdAt":"2024-07-15T04:04:13.129Z","name":"lyy","id":"232","job":"programer"}
2024-07-15 12:04:06 785 INFO  RestClient:105 - 开始发送put请求...
2024-07-15 12:04:08 000 INFO  RestClient:107 - 发送请求成功，开始得到响应对象...
2024-07-15 12:04:08 001 INFO  RestClient:135 - 解析，得到响应状态码200
2024-07-15 12:04:08 005 INFO  RestClient:148 - 得到响应对象的string格式{"job":"tester","name":"jh","updatedAt":"2024-07-15T04:04:14.410Z"}
2024-07-15 12:04:08 006 INFO  RestClient:150 - 返回响应内容的JSON格式{"name":"jh","job":"tester","updatedAt":"2024-07-15T04:04:14.410Z"}
2024-07-15 12:05:33 273 INFO  RestClient:83 - 开始发送post请求...
2024-07-15 12:05:34 668 INFO  RestClient:85 - 发送请求成功，开始得到响应对象...
2024-07-15 12:05:34 669 INFO  RestClient:135 - 解析，得到响应状态码201
2024-07-15 12:05:34 671 INFO  RestClient:148 - 得到响应对象的string格式{"job":"programer","name":"lyy","id":"395","createdAt":"2024-07-15T04:05:41.078Z"}
2024-07-15 12:05:34 677 INFO  RestClient:150 - 返回响应内容的JSON格式{"createdAt":"2024-07-15T04:05:41.078Z","name":"lyy","id":"395","job":"programer"}
2024-07-15 12:05:34 687 INFO  RestClient:105 - 开始发送put请求...
2024-07-15 12:05:35 809 INFO  RestClient:107 - 发送请求成功，开始得到响应对象...
2024-07-15 12:05:35 809 INFO  RestClient:135 - 解析，得到响应状态码200
2024-07-15 12:05:35 811 INFO  RestClient:148 - 得到响应对象的string格式{"job":"tester","name":"jh","updatedAt":"2024-07-15T04:05:42.228Z"}
2024-07-15 12:05:35 812 INFO  RestClient:150 - 返回响应内容的JSON格式{"name":"jh","job":"tester","updatedAt":"2024-07-15T04:05:42.228Z"}
2024-07-15 12:15:44 456 INFO  RestClient:83 - 开始发送post请求...
2024-07-15 12:15:45 795 INFO  RestClient:85 - 发送请求成功，开始得到响应对象...
2024-07-15 12:15:45 795 INFO  RestClient:135 - 解析，得到响应状态码201
2024-07-15 12:15:45 797 INFO  RestClient:148 - 得到响应对象的string格式{"job":"programer","name":"lyy","id":"281","createdAt":"2024-07-15T04:15:52.188Z"}
2024-07-15 12:15:45 802 INFO  RestClient:150 - 返回响应内容的JSON格式{"createdAt":"2024-07-15T04:15:52.188Z","name":"lyy","id":"281","job":"programer"}
2024-07-15 12:15:45 824 INFO  RestClient:105 - 开始发送put请求...
2024-07-15 12:15:47 042 INFO  RestClient:107 - 发送请求成功，开始得到响应对象...
2024-07-15 12:15:47 042 INFO  RestClient:135 - 解析，得到响应状态码200
2024-07-15 12:15:47 044 INFO  RestClient:148 - 得到响应对象的string格式{"job":"tester","name":"jh","updatedAt":"2024-07-15T04:15:53.447Z"}
2024-07-15 12:15:47 045 INFO  RestClient:150 - 返回响应内容的JSON格式{"name":"jh","job":"tester","updatedAt":"2024-07-15T04:15:53.447Z"}
2024-07-15 12:23:25 444 INFO  RestClient:83 - 开始发送post请求...
2024-07-15 12:23:26 834 INFO  RestClient:85 - 发送请求成功，开始得到响应对象...
2024-07-15 12:23:26 835 INFO  RestClient:135 - 解析，得到响应状态码201
2024-07-15 12:23:26 837 INFO  RestClient:148 - 得到响应对象的string格式{"job":"programer","name":"lyy","id":"344","createdAt":"2024-07-15T04:23:33.237Z"}
2024-07-15 12:23:26 843 INFO  RestClient:150 - 返回响应内容的JSON格式{"createdAt":"2024-07-15T04:23:33.237Z","name":"lyy","id":"344","job":"programer"}
2024-07-15 12:23:26 865 INFO  RestClient:105 - 开始发送put请求...
2024-07-15 12:23:28 082 INFO  RestClient:107 - 发送请求成功，开始得到响应对象...
2024-07-15 12:23:28 083 INFO  RestClient:135 - 解析，得到响应状态码200
2024-07-15 12:23:28 085 INFO  RestClient:148 - 得到响应对象的string格式{"job":"tester","name":"jh","updatedAt":"2024-07-15T04:23:34.490Z"}
2024-07-15 12:23:28 085 INFO  RestClient:150 - 返回响应内容的JSON格式{"name":"jh","job":"tester","updatedAt":"2024-07-15T04:23:34.490Z"}
2024-07-15 14:14:16 421 INFO  RestClient:83 - 开始发送post请求...
2024-07-15 14:14:17 799 INFO  RestClient:85 - 发送请求成功，开始得到响应对象...
2024-07-15 14:14:17 799 INFO  RestClient:135 - 解析，得到响应状态码201
2024-07-15 14:14:17 802 INFO  RestClient:148 - 得到响应对象的string格式{"job":"programer","name":"lyy","id":"764","createdAt":"2024-07-15T06:14:23.879Z"}
2024-07-15 14:14:17 807 INFO  RestClient:150 - 返回响应内容的JSON格式{"createdAt":"2024-07-15T06:14:23.879Z","name":"lyy","id":"764","job":"programer"}
2024-07-15 14:14:17 830 INFO  RestClient:105 - 开始发送put请求...
2024-07-15 14:14:19 062 INFO  RestClient:107 - 发送请求成功，开始得到响应对象...
2024-07-15 14:14:19 063 INFO  RestClient:135 - 解析，得到响应状态码200
2024-07-15 14:14:19 065 INFO  RestClient:148 - 得到响应对象的string格式{"job":"tester","name":"jh","updatedAt":"2024-07-15T06:14:25.159Z"}
2024-07-15 14:14:19 065 INFO  RestClient:150 - 返回响应内容的JSON格式{"name":"jh","job":"tester","updatedAt":"2024-07-15T06:14:25.159Z"}
2024-07-15 14:14:52 210 INFO  TestBase:33 - 正在读取配置文件
2024-07-15 14:14:52 257 INFO  TestBase:33 - 正在读取配置文件
2024-07-15 14:14:52 257 INFO  GetApiTest:32 - 测试服务器地址为：https://reqres.in
2024-07-15 14:14:52 257 INFO  GetApiTest:35 - 当前测试接口的完整地址为：https://reqres.in/api/users?page=2
2024-07-15 14:14:52 272 INFO  GetApiTest:41 - 开始执行用例...
2024-07-15 14:14:52 444 INFO  RestClient:33 - 开始发送get请求...
2024-07-15 14:14:53 439 INFO  RestClient:35 - 发送请求成功，开始得到响应对象...
2024-07-15 14:14:53 439 INFO  GetApiTest:46 - 判断响应状态码
2024-07-15 14:14:53 439 INFO  RestClient:135 - 解析，得到响应状态码200
2024-07-15 14:14:53 455 INFO  RestClient:148 - 得到响应对象的string格式{"page":2,"per_page":6,"total":12,"total_pages":2,"data":[{"id":7,"email":"michael.lawson@reqres.in","first_name":"Michael","last_name":"Lawson","avatar":"https://reqres.in/img/faces/7-image.jpg"},{"id":8,"email":"lindsay.ferguson@reqres.in","first_name":"Lindsay","last_name":"Ferguson","avatar":"https://reqres.in/img/faces/8-image.jpg"},{"id":9,"email":"tobias.funke@reqres.in","first_name":"Tobias","last_name":"Funke","avatar":"https://reqres.in/img/faces/9-image.jpg"},{"id":10,"email":"byron.fields@reqres.in","first_name":"Byron","last_name":"Fields","avatar":"https://reqres.in/img/faces/10-image.jpg"},{"id":11,"email":"george.edwards@reqres.in","first_name":"George","last_name":"Edwards","avatar":"https://reqres.in/img/faces/11-image.jpg"},{"id":12,"email":"rachel.howell@reqres.in","first_name":"Rachel","last_name":"Howell","avatar":"https://reqres.in/img/faces/12-image.jpg"}],"support":{"url":"https://reqres.in/#support-heading","text":"To keep ReqRes free, contributions towards server costs are appreciated!"}}
2024-07-15 14:14:53 533 INFO  RestClient:150 - 返回响应内容的JSON格式{"per_page":6,"total":12,"data":[{"last_name":"Lawson","id":7,"avatar":"https://reqres.in/img/faces/7-image.jpg","first_name":"Michael","email":"michael.lawson@reqres.in"},{"last_name":"Ferguson","id":8,"avatar":"https://reqres.in/img/faces/8-image.jpg","first_name":"Lindsay","email":"lindsay.ferguson@reqres.in"},{"last_name":"Funke","id":9,"avatar":"https://reqres.in/img/faces/9-image.jpg","first_name":"Tobias","email":"tobias.funke@reqres.in"},{"last_name":"Fields","id":10,"avatar":"https://reqres.in/img/faces/10-image.jpg","first_name":"Byron","email":"byron.fields@reqres.in"},{"last_name":"Edwards","id":11,"avatar":"https://reqres.in/img/faces/11-image.jpg","first_name":"George","email":"george.edwards@reqres.in"},{"last_name":"Howell","id":12,"avatar":"https://reqres.in/img/faces/12-image.jpg","first_name":"Rachel","email":"rachel.howell@reqres.in"}],"page":2,"total_pages":2,"support":{"text":"To keep ReqRes free, contributions towards server costs are appreciated!","url":"https://reqres.in/#support-heading"}}
2024-07-15 14:14:53 533 INFO  GetApiTest:73 - 用例执行结束..
2024-07-15 14:14:53 674 DEBUG cache:45 - Couldn't find template in cache for "index.ftl"("en", UTF-8, parsed); will try to load it.
2024-07-15 14:14:53 689 DEBUG cache:45 - TemplateLoader.findTemplateSource("index_en.ftl"): Not found
2024-07-15 14:14:53 689 DEBUG cache:45 - TemplateLoader.findTemplateSource("index.ftl"): Found
2024-07-15 14:14:53 689 DEBUG cache:45 - Loading template for "index.ftl"("en", UTF-8, parsed) from "jar:file:/C:/Users/li/.m2/repository/com/aventstack/extentreports/3.1.1/extentreports-3.1.1.jar!/com/aventstack/extentreports/view/html-report/index.ftl"
2024-07-15 14:14:53 861 DEBUG cache:45 - Couldn't find template in cache for "head.ftl"("en", UTF-8, parsed); will try to load it.
2024-07-15 14:14:53 861 DEBUG cache:45 - TemplateLoader.findTemplateSource("head_en.ftl"): Not found
2024-07-15 14:14:53 877 DEBUG cache:45 - TemplateLoader.findTemplateSource("head.ftl"): Found
2024-07-15 14:14:53 877 DEBUG cache:45 - Loading template for "head.ftl"("en", UTF-8, parsed) from "jar:file:/C:/Users/li/.m2/repository/com/aventstack/extentreports/3.1.1/extentreports-3.1.1.jar!/com/aventstack/extentreports/view/html-report/head.ftl"
2024-07-15 14:14:53 877 DEBUG cache:45 - Couldn't find template in cache for "nav.ftl"("en", UTF-8, parsed); will try to load it.
2024-07-15 14:14:53 877 DEBUG cache:45 - TemplateLoader.findTemplateSource("nav_en.ftl"): Not found
2024-07-15 14:14:53 877 DEBUG cache:45 - TemplateLoader.findTemplateSource("nav.ftl"): Found
2024-07-15 14:14:53 877 DEBUG cache:45 - Loading template for "nav.ftl"("en", UTF-8, parsed) from "jar:file:/C:/Users/li/.m2/repository/com/aventstack/extentreports/3.1.1/extentreports-3.1.1.jar!/com/aventstack/extentreports/view/html-report/nav.ftl"
2024-07-15 14:14:53 893 DEBUG cache:45 - Couldn't find template in cache for "test-view/test-view.ftl"("en", UTF-8, parsed); will try to load it.
2024-07-15 14:14:53 893 DEBUG cache:45 - TemplateLoader.findTemplateSource("test-view/test-view_en.ftl"): Not found
2024-07-15 14:14:53 893 DEBUG cache:45 - TemplateLoader.findTemplateSource("test-view/test-view.ftl"): Found
2024-07-15 14:14:53 893 DEBUG cache:45 - Loading template for "test-view/test-view.ftl"("en", UTF-8, parsed) from "jar:file:/C:/Users/li/.m2/repository/com/aventstack/extentreports/3.1.1/extentreports-3.1.1.jar!/com/aventstack/extentreports/view/html-report/test-view/test-view.ftl"
2024-07-15 14:14:53 893 DEBUG cache:45 - Couldn't find template in cache for "test-view/test-view-charts.ftl"("en", UTF-8, parsed); will try to load it.
2024-07-15 14:14:53 893 DEBUG cache:45 - TemplateLoader.findTemplateSource("test-view/test-view-charts_en.ftl"): Not found
2024-07-15 14:14:53 893 DEBUG cache:45 - TemplateLoader.findTemplateSource("test-view/test-view-charts.ftl"): Found
2024-07-15 14:14:53 908 DEBUG cache:45 - Loading template for "test-view/test-view-charts.ftl"("en", UTF-8, parsed) from "jar:file:/C:/Users/li/.m2/repository/com/aventstack/extentreports/3.1.1/extentreports-3.1.1.jar!/com/aventstack/extentreports/view/html-report/test-view/test-view-charts.ftl"
2024-07-15 14:14:53 908 DEBUG cache:45 - Couldn't find template in cache for "test-view/standard.ftl"("en", UTF-8, parsed); will try to load it.
2024-07-15 14:14:53 908 DEBUG cache:45 - TemplateLoader.findTemplateSource("test-view/standard_en.ftl"): Not found
2024-07-15 14:14:53 908 DEBUG cache:45 - TemplateLoader.findTemplateSource("test-view/standard.ftl"): Found
2024-07-15 14:14:53 908 DEBUG cache:45 - Loading template for "test-view/standard.ftl"("en", UTF-8, parsed) from "jar:file:/C:/Users/li/.m2/repository/com/aventstack/extentreports/3.1.1/extentreports-3.1.1.jar!/com/aventstack/extentreports/view/html-report/test-view/standard.ftl"
2024-07-15 14:14:53 924 DEBUG cache:45 - Couldn't find template in cache for "category-view/category-view.ftl"("en", UTF-8, parsed); will try to load it.
2024-07-15 14:14:53 924 DEBUG cache:45 - TemplateLoader.findTemplateSource("category-view/category-view_en.ftl"): Not found
2024-07-15 14:14:53 924 DEBUG cache:45 - TemplateLoader.findTemplateSource("category-view/category-view.ftl"): Found
2024-07-15 14:14:53 924 DEBUG cache:45 - Loading template for "category-view/category-view.ftl"("en", UTF-8, parsed) from "jar:file:/C:/Users/li/.m2/repository/com/aventstack/extentreports/3.1.1/extentreports-3.1.1.jar!/com/aventstack/extentreports/view/html-report/category-view/category-view.ftl"
2024-07-15 14:14:53 924 DEBUG cache:45 - Couldn't find template in cache for "author-view/author-view.ftl"("en", UTF-8, parsed); will try to load it.
2024-07-15 14:14:53 924 DEBUG cache:45 - TemplateLoader.findTemplateSource("author-view/author-view_en.ftl"): Not found
2024-07-15 14:14:53 924 DEBUG cache:45 - TemplateLoader.findTemplateSource("author-view/author-view.ftl"): Found
2024-07-15 14:14:53 924 DEBUG cache:45 - Loading template for "author-view/author-view.ftl"("en", UTF-8, parsed) from "jar:file:/C:/Users/li/.m2/repository/com/aventstack/extentreports/3.1.1/extentreports-3.1.1.jar!/com/aventstack/extentreports/view/html-report/author-view/author-view.ftl"
2024-07-15 14:14:53 939 DEBUG cache:45 - Couldn't find template in cache for "exception-view/exception-view.ftl"("en", UTF-8, parsed); will try to load it.
2024-07-15 14:14:53 939 DEBUG cache:45 - TemplateLoader.findTemplateSource("exception-view/exception-view_en.ftl"): Not found
2024-07-15 14:14:53 939 DEBUG cache:45 - TemplateLoader.findTemplateSource("exception-view/exception-view.ftl"): Found
2024-07-15 14:14:53 939 DEBUG cache:45 - Loading template for "exception-view/exception-view.ftl"("en", UTF-8, parsed) from "jar:file:/C:/Users/li/.m2/repository/com/aventstack/extentreports/3.1.1/extentreports-3.1.1.jar!/com/aventstack/extentreports/view/html-report/exception-view/exception-view.ftl"
2024-07-15 14:14:53 939 DEBUG cache:45 - Couldn't find template in cache for "dashboard-view/dashboard-view.ftl"("en", UTF-8, parsed); will try to load it.
2024-07-15 14:14:53 939 DEBUG cache:45 - TemplateLoader.findTemplateSource("dashboard-view/dashboard-view_en.ftl"): Not found
2024-07-15 14:14:53 939 DEBUG cache:45 - TemplateLoader.findTemplateSource("dashboard-view/dashboard-view.ftl"): Found
2024-07-15 14:14:53 939 DEBUG cache:45 - Loading template for "dashboard-view/dashboard-view.ftl"("en", UTF-8, parsed) from "jar:file:/C:/Users/li/.m2/repository/com/aventstack/extentreports/3.1.1/extentreports-3.1.1.jar!/com/aventstack/extentreports/view/html-report/dashboard-view/dashboard-view.ftl"
2024-07-15 14:14:53 939 DEBUG cache:45 - Couldn't find template in cache for "logs-view/testrunner-logs-view.ftl"("en", UTF-8, parsed); will try to load it.
2024-07-15 14:14:53 939 DEBUG cache:45 - TemplateLoader.findTemplateSource("logs-view/testrunner-logs-view_en.ftl"): Not found
2024-07-15 14:14:53 939 DEBUG cache:45 - TemplateLoader.findTemplateSource("logs-view/testrunner-logs-view.ftl"): Found
2024-07-15 14:14:53 939 DEBUG cache:45 - Loading template for "logs-view/testrunner-logs-view.ftl"("en", UTF-8, parsed) from "jar:file:/C:/Users/li/.m2/repository/com/aventstack/extentreports/3.1.1/extentreports-3.1.1.jar!/com/aventstack/extentreports/view/html-report/logs-view/testrunner-logs-view.ftl"
2024-07-15 14:15:31 238 INFO  RestClient:83 - 开始发送post请求...
2024-07-15 14:15:32 457 INFO  RestClient:85 - 发送请求成功，开始得到响应对象...
2024-07-15 14:15:32 458 INFO  RestClient:135 - 解析，得到响应状态码201
2024-07-15 14:15:32 459 INFO  RestClient:148 - 得到响应对象的string格式{"job":"programer","name":"lyy","id":"795","createdAt":"2024-07-15T06:15:38.558Z"}
2024-07-15 14:15:32 460 INFO  RestClient:150 - 返回响应内容的JSON格式{"createdAt":"2024-07-15T06:15:38.558Z","name":"lyy","id":"795","job":"programer"}
2024-07-15 14:15:32 467 INFO  RestClient:105 - 开始发送put请求...
2024-07-15 14:15:33 737 INFO  RestClient:107 - 发送请求成功，开始得到响应对象...
2024-07-15 14:15:33 738 INFO  RestClient:135 - 解析，得到响应状态码200
2024-07-15 14:15:33 739 INFO  RestClient:148 - 得到响应对象的string格式{"job":"tester","name":"jh","updatedAt":"2024-07-15T06:15:39.829Z"}
2024-07-15 14:15:33 740 INFO  RestClient:150 - 返回响应内容的JSON格式{"name":"jh","job":"tester","updatedAt":"2024-07-15T06:15:39.829Z"}
